
@----------------------------------------------------------@
|        PLINK!       |     v1.07      |   10/Aug/2009     |
|----------------------------------------------------------|
|  (C) 2009 Shaun Purcell, GNU General Public License, v2  |
|----------------------------------------------------------|
|  For documentation, citation & bug-report instructions:  |
|        http://pngu.mgh.harvard.edu/purcell/plink/        |
@----------------------------------------------------------@

Skipping web check... [ --noweb ] 
Writing this text to log file [ output-prepare_XT/geno2_ctrl/plink.log ]
Analysis started: Sun Feb 18 22:20:18 2018

Options in effect:
	--noweb
	--merge-list /dev/fd/63
	--make-bed
	--out output-prepare_XT/geno2_ctrl/plink

Using merge mode 1 : consensus call (default)
Detected that binary PED file is v1.00 SNP-major mode
Detected that binary PED file is v1.00 SNP-major mode
Detected that binary PED file is v1.00 SNP-major mode
Merging 3 samples, final sample contains 200 individuals and 900 markers
Before frequency and genotyping pruning, there are 900 SNPs
200 founders and 0 non-founders found
Total genotyping rate in remaining individuals is 1
0 SNPs failed missingness test ( GENO > 1 )
0 SNPs failed frequency test ( MAF < 0 )
After frequency and genotyping pruning, there are 900 SNPs
After filtering, 0 cases, 0 controls and 200 missing
After filtering, 0 males, 0 females, and 200 of unspecified sex
Writing pedigree information to [ output-prepare_XT/geno2_ctrl/plink.fam ] 
Writing map (extended format) information to [ output-prepare_XT/geno2_ctrl/plink.bim ] 
Writing genotype bitfile to [ output-prepare_XT/geno2_ctrl/plink.bed ] 
Using (default) SNP-major mode

Analysis finished: Sun Feb 18 22:20:18 2018

