
@----------------------------------------------------------@
|        PLINK!       |     v1.07      |   10/Aug/2009     |
|----------------------------------------------------------|
|  (C) 2009 Shaun Purcell, GNU General Public License, v2  |
|----------------------------------------------------------|
|  For documentation, citation & bug-report instructions:  |
|        http://pngu.mgh.harvard.edu/purcell/plink/        |
@----------------------------------------------------------@

Skipping web check... [ --noweb ] 
Writing this text to log file [ output-direction_XT_YI/intermediate1__geno1_case__geno2_ctrl/xt.chr2.log ]
Analysis started: Wed Feb  7 13:20:04 2018

Options in effect:
	--noweb
	--bed ../step1/output-combine_XT_YT/geno1_case__geno2_ctrl/merge_QC.chr2.bed
	--bim ../step1/output-combine_XT_YT/geno1_case__geno2_ctrl/merge_QC.chr2.bim
	--fam ../step1/output-combine_XT_YT/geno1_case__geno2_ctrl/merge_QC.chr2.fam
	--logistic
	--out output-direction_XT_YI/intermediate1__geno1_case__geno2_ctrl/xt.chr2

** For gPLINK compatibility, do not use '.' in --out **
Reading map (extended format) from [ ../step1/output-combine_XT_YT/geno1_case__geno2_ctrl/merge_QC.chr2.bim ] 
300 markers to be included from [ ../step1/output-combine_XT_YT/geno1_case__geno2_ctrl/merge_QC.chr2.bim ]
Reading pedigree information from [ ../step1/output-combine_XT_YT/geno1_case__geno2_ctrl/merge_QC.chr2.fam ] 
400 individuals read from [ ../step1/output-combine_XT_YT/geno1_case__geno2_ctrl/merge_QC.chr2.fam ] 
0 individuals with nonmissing phenotypes
Assuming a disease phenotype (1=unaff, 2=aff, 0=miss)
Missing phenotype value is also -9
0 cases, 0 controls and 400 missing
0 males, 0 females, and 400 of unspecified sex
Warning, found 400 individuals with ambiguous sex codes
These individuals will be set to missing ( or use --allow-no-sex )
Writing list of these individuals to [ output-direction_XT_YI/intermediate1__geno1_case__geno2_ctrl/xt.chr2.nosex ]
Reading genotype bitfile from [ ../step1/output-combine_XT_YT/geno1_case__geno2_ctrl/merge_QC.chr2.bed ] 
Detected that binary PED file is v1.00 SNP-major mode
Before frequency and genotyping pruning, there are 300 SNPs
400 founders and 0 non-founders found
Total genotyping rate in remaining individuals is 1
0 SNPs failed missingness test ( GENO > 1 )
0 SNPs failed frequency test ( MAF < 0 )
After frequency and genotyping pruning, there are 300 SNPs
After filtering, 0 cases, 0 controls and 400 missing
After filtering, 0 males, 0 females, and 400 of unspecified sex
Converting data to Individual-major format
Writing logistic model association results to [ output-direction_XT_YI/intermediate1__geno1_case__geno2_ctrl/xt.chr2.assoc.logistic ] 

Analysis finished: Wed Feb  7 13:20:04 2018

