
@----------------------------------------------------------@
|        PLINK!       |     v1.07      |   10/Aug/2009     |
|----------------------------------------------------------|
|  (C) 2009 Shaun Purcell, GNU General Public License, v2  |
|----------------------------------------------------------|
|  For documentation, citation & bug-report instructions:  |
|        http://pngu.mgh.harvard.edu/purcell/plink/        |
@----------------------------------------------------------@

Skipping web check... [ --noweb ] 
Writing this text to log file [ output-run_step2/intermediate1__geno1_case__geno2_ctrl/interaction.func_subset_LDpred_p3.0000e-03.log ]
Analysis started: Mon Feb 19 15:29:17 2018

Options in effect:
	--noweb
	--bed ../step1/output-combine_XT_YT/geno1_case__geno2_ctrl/merge_QC.bed
	--bim ../step1/output-combine_XT_YT/geno1_case__geno2_ctrl/merge_QC.bim
	--fam ../step1/output-combine_XT_YT/geno1_case__geno2_ctrl/merge_QC.fam
	--allow-no-sex
	--logistic
	--covar output-direction_XT_YI/intermediate1__geno1_case__geno2_ctrl/covar_LDpred_p3.0000e-03.txt
	--covar-name PRS
	--interaction
	--set output-run_step2/intermediate1__geno1_case__geno2_ctrl/func_subset.set
	--subset /dev/fd/63
	--out output-run_step2/intermediate1__geno1_case__geno2_ctrl/interaction.func_subset_LDpred_p3.0000e-03

** For gPLINK compatibility, do not use '.' in --out **
Reading map (extended format) from [ ../step1/output-combine_XT_YT/geno1_case__geno2_ctrl/merge_QC.bim ] 
900 markers to be included from [ ../step1/output-combine_XT_YT/geno1_case__geno2_ctrl/merge_QC.bim ]
Reading pedigree information from [ ../step1/output-combine_XT_YT/geno1_case__geno2_ctrl/merge_QC.fam ] 
400 individuals read from [ ../step1/output-combine_XT_YT/geno1_case__geno2_ctrl/merge_QC.fam ] 
400 individuals with nonmissing phenotypes
Assuming a disease phenotype (1=unaff, 2=aff, 0=miss)
Missing phenotype value is also -9
200 cases, 200 controls and 0 missing
0 males, 0 females, and 400 of unspecified sex
Warning, found 400 individuals with ambiguous sex codes
Writing list of these individuals to [ output-run_step2/intermediate1__geno1_case__geno2_ctrl/interaction.func_subset_LDpred_p3.0000e-03.nosex ]
Reading genotype bitfile from [ ../step1/output-combine_XT_YT/geno1_case__geno2_ctrl/merge_QC.bed ] 
Detected that binary PED file is v1.00 SNP-major mode
Reading 3 covariates from [ output-direction_XT_YI/intermediate1__geno1_case__geno2_ctrl/covar_LDpred_p3.0000e-03.txt ] with nonmissing values for 400 individuals
Selected subset of 1 from 3 covariates
For these, nonmissing covariate values for 400 individuals
Before frequency and genotyping pruning, there are 900 SNPs
400 founders and 0 non-founders found
Total genotyping rate in remaining individuals is 1
0 SNPs failed missingness test ( GENO > 1 )
0 SNPs failed frequency test ( MAF < 0 )
After frequency and genotyping pruning, there are 900 SNPs
After filtering, 200 cases, 200 controls and 0 missing
After filtering, 0 males, 0 females, and 400 of unspecified sex
Reading a list of subsets from [ /dev/fd/63 ]
Read 1 sets to extract
1 sets read from [ output-run_step2/intermediate1__geno1_case__geno2_ctrl/func_subset.set ] 
Converting data to Individual-major format
Writing logistic model association results to [ output-run_step2/intermediate1__geno1_case__geno2_ctrl/interaction.func_subset_LDpred_p3.0000e-03.assoc.logistic ] 

Analysis finished: Mon Feb 19 15:29:17 2018

