
@----------------------------------------------------------@
|        PLINK!       |     v1.07      |   10/Aug/2009     |
|----------------------------------------------------------|
|  (C) 2009 Shaun Purcell, GNU General Public License, v2  |
|----------------------------------------------------------|
|  For documentation, citation & bug-report instructions:  |
|        http://pngu.mgh.harvard.edu/purcell/plink/        |
@----------------------------------------------------------@

Skipping web check... [ --noweb ] 
Writing this text to log file [ output-combine_XT_YT/geno1_case__geno2_ctrl/merge_QC.chr1.log ]
Analysis started: Fri Feb  2 17:32:21 2018

Options in effect:
	--noweb
	--bfile output-combine_XT_YT/geno1_case__geno2_ctrl/merge.chr1
	--make-bed
	--mind 1
	--maf 0.01
	--geno 0.05
	--hwe 0.05
	--out output-combine_XT_YT/geno1_case__geno2_ctrl/merge_QC.chr1

** For gPLINK compatibility, do not use '.' in --out **
Reading map (extended format) from [ output-combine_XT_YT/geno1_case__geno2_ctrl/merge.chr1.bim ] 
300 markers to be included from [ output-combine_XT_YT/geno1_case__geno2_ctrl/merge.chr1.bim ]
Reading pedigree information from [ output-combine_XT_YT/geno1_case__geno2_ctrl/merge.chr1.fam ] 
200 individuals read from [ output-combine_XT_YT/geno1_case__geno2_ctrl/merge.chr1.fam ] 
200 individuals with nonmissing phenotypes
Assuming a disease phenotype (1=unaff, 2=aff, 0=miss)
Missing phenotype value is also -9
0 cases, 200 controls and 0 missing
0 males, 0 females, and 200 of unspecified sex
Warning, found 200 individuals with ambiguous sex codes
Writing list of these individuals to [ output-combine_XT_YT/geno1_case__geno2_ctrl/merge_QC.chr1.nosex ]
Reading genotype bitfile from [ output-combine_XT_YT/geno1_case__geno2_ctrl/merge.chr1.bed ] 
Detected that binary PED file is v1.00 SNP-major mode
Before frequency and genotyping pruning, there are 300 SNPs
200 founders and 0 non-founders found
298 markers to be excluded based on HWE test ( p <= 0.05 )
	0 markers failed HWE test in cases
	298 markers failed HWE test in controls
Total genotyping rate in remaining individuals is 1
0 SNPs failed missingness test ( GENO > 0.05 )
0 SNPs failed frequency test ( MAF < 0.01 )
After frequency and genotyping pruning, there are 2 SNPs
After filtering, 0 cases, 200 controls and 0 missing
After filtering, 0 males, 0 females, and 200 of unspecified sex
Writing pedigree information to [ output-combine_XT_YT/geno1_case__geno2_ctrl/merge_QC.chr1.fam ] 
Writing map (extended format) information to [ output-combine_XT_YT/geno1_case__geno2_ctrl/merge_QC.chr1.bim ] 
Writing genotype bitfile to [ output-combine_XT_YT/geno1_case__geno2_ctrl/merge_QC.chr1.bed ] 
Using (default) SNP-major mode

Analysis finished: Fri Feb  2 17:32:21 2018

